<?xml version="1.0" encoding="UTF-8"?>
<!-- Generated by org.testng.reporters.JUnitXMLReporter -->
<testsuite ignored="0" hostname="C02CW1RNMD6M" failures="0" tests="5" name="Default test" time="1.817" errors="0" timestamp="2022-07-06T12:50:07 IST">
  <testcase classname="DynamicJson" name="addBook" time="1.316"/>
  <testcase classname="DynamicJson" name="addBook" time="0.118"/>
  <testcase classname="DynamicJson" name="addBook" time="0.12"/>
  <testcase classname="DynamicJson" name="addBook" time="0.115"/>
  <testcase classname="DynamicJson" name="addBook" time="0.109"/>
</testsuite> <!-- Default test -->
