<?xml version="1.0" encoding="UTF-8"?>
<testng-results ignored="0" total="5" passed="5" failed="0" skipped="0">
  <reporter-output>
  </reporter-output>
  <suite started-at="2022-07-06T12:50:05 IST" name="Default suite" finished-at="2022-07-06T12:50:07 IST" duration-ms="1817">
    <groups>
    </groups>
    <test started-at="2022-07-06T12:50:05 IST" name="Default test" finished-at="2022-07-06T12:50:07 IST" duration-ms="1817">
      <class name="DynamicJson">
        <test-method signature="addBook(java.lang.String,java.lang.String)[pri:0, instance:DynamicJson@1fe20588]" started-at="2022-07-06T12:50:05 IST" name="addBook" data-provider="BooksData" finished-at="2022-07-06T12:50:07 IST" duration-ms="1316" status="PASS">
          <params>
            <param index="0">
              <value>
                <![CDATA[acava]]>
              </value>
            </param>
            <param index="1">
              <value>
                <![CDATA[6587]]>
              </value>
            </param>
          </params>
          <reporter-output>
          </reporter-output>
        </test-method> <!-- addBook -->
        <test-method signature="addBook(java.lang.String,java.lang.String)[pri:0, instance:DynamicJson@1fe20588]" started-at="2022-07-06T12:50:07 IST" name="addBook" data-provider="BooksData" finished-at="2022-07-06T12:50:07 IST" duration-ms="118" status="PASS">
          <params>
            <param index="0">
              <value>
                <![CDATA[cdjer]]>
              </value>
            </param>
            <param index="1">
              <value>
                <![CDATA[5587]]>
              </value>
            </param>
          </params>
          <reporter-output>
          </reporter-output>
        </test-method> <!-- addBook -->
        <test-method signature="addBook(java.lang.String,java.lang.String)[pri:0, instance:DynamicJson@1fe20588]" started-at="2022-07-06T12:50:07 IST" name="addBook" data-provider="BooksData" finished-at="2022-07-06T12:50:07 IST" duration-ms="120" status="PASS">
          <params>
            <param index="0">
              <value>
                <![CDATA[adava]]>
              </value>
            </param>
            <param index="1">
              <value>
                <![CDATA[6584]]>
              </value>
            </param>
          </params>
          <reporter-output>
          </reporter-output>
        </test-method> <!-- addBook -->
        <test-method signature="addBook(java.lang.String,java.lang.String)[pri:0, instance:DynamicJson@1fe20588]" started-at="2022-07-06T12:50:07 IST" name="addBook" data-provider="BooksData" finished-at="2022-07-06T12:50:07 IST" duration-ms="115" status="PASS">
          <params>
            <param index="0">
              <value>
                <![CDATA[hcava]]>
              </value>
            </param>
            <param index="1">
              <value>
                <![CDATA[6554]]>
              </value>
            </param>
          </params>
          <reporter-output>
          </reporter-output>
        </test-method> <!-- addBook -->
        <test-method signature="addBook(java.lang.String,java.lang.String)[pri:0, instance:DynamicJson@1fe20588]" started-at="2022-07-06T12:50:07 IST" name="addBook" data-provider="BooksData" finished-at="2022-07-06T12:50:07 IST" duration-ms="109" status="PASS">
          <params>
            <param index="0">
              <value>
                <![CDATA[acavv]]>
              </value>
            </param>
            <param index="1">
              <value>
                <![CDATA[6787]]>
              </value>
            </param>
          </params>
          <reporter-output>
          </reporter-output>
        </test-method> <!-- addBook -->
      </class> <!-- DynamicJson -->
    </test> <!-- Default test -->
  </suite> <!-- Default suite -->
</testng-results>
